<?xml version="1.0" encoding="UTF-8"?>
<!-- Generated by org.testng.reporters.JUnitXMLReporter -->
<testsuite ignored="0" hostname="DESKTOP-3JUM5NA" failures="1" tests="1" name="Test1" time="0.007" errors="0" timestamp="2023-05-03T19:28:02 CEST">
  <testcase classname="testlerningng.TestCase2" name="validateTitle" time="0.004">
    <failure type="java.lang.AssertionError" message="The following asserts failed:
	Titles are not matching expected [yahoo.com] but found [Gmail.com],
	Element not found expected [true] but found [false],
	Forcefully failing the test">
      <![CDATA[java.lang.AssertionError: The following asserts failed:
Titles are not matching expected [yahoo.com] but found [Gmail.com],
Element not found expected [true] but found [false],
Forcefully failing the test
at testlerningng.TestCase2.validateTitle(TestCase2.java:32)
at java.base/java.util.ArrayList.forEach(ArrayList.java:1511)
... Removed 29 stack frames]]>
    </failure>
  </testcase> <!-- validateTitle -->
</testsuite> <!-- Test1 -->
